<?xml version="1.0" encoding="UTF-8" ?>
<testsuite tests="5" failures="0" name="tallerpruebas.EmployeeTest" time="0.016" errors="0" skipped="0">
  <properties>
[...]
</properties>
  <testcase classname="tallerpruebas.EmployeeTest" name="tallerpruebas.EmployeeTest.testEmployeeNull" time="0"/>
  <testcase classname="tallerpruebas.EmployeeTest" name="tallerpruebas.EmployeeTest.testCsWorker" time="0.016"/>
  <testcase classname="tallerpruebas.EmployeeTest" name="tallerpruebas.EmployeeTest.testCsSupervisor" time="0"/>
  <testcase classname="tallerpruebas.EmployeeTest" name="tallerpruebas.EmployeeTest.testCsManager" time="0"/>
  <testcase classname="tallerpruebas.EmployeeTest" name="tallerpruebas.EmployeeTest.testCsNoUSD" time="0"/>
</testsuite>